Analysis & Synthesis report for CPU_6bit
Sun Jun 23 19:22:43 2019
Quartus II Version 9.0 Build 235 06/17/2009 Service Pack 2 SJ Web Edition


---------------------
; Table of Contents ;
---------------------
  1. Legal Notice
  2. Analysis & Synthesis Summary
  3. Analysis & Synthesis Settings
  4. Analysis & Synthesis Source Files Read
  5. Analysis & Synthesis Resource Usage Summary
  6. Analysis & Synthesis Resource Utilization by Entity
  7. Analysis & Synthesis RAM Summary
  8. General Register Statistics
  9. Inverted Register Statistics
 10. Registers Packed Into Inferred Megafunctions
 11. Multiplexer Restructuring Statistics (Restructuring Performed)
 12. Source assignments for PM:ProgramMemory|altsyncram:RAMTMP_rtl_0|altsyncram_5se1:auto_generated
 13. Parameter Settings for Inferred Entity Instance: PM:ProgramMemory|altsyncram:RAMTMP_rtl_0
 14. altsyncram Parameter Settings by Entity Instance
 15. Port Connectivity Checks: "timing:TimingGenerator"
 16. Analysis & Synthesis Messages



----------------
; Legal Notice ;
----------------
Copyright (C) 1991-2009 Altera Corporation
Your use of Altera Corporation's design tools, logic functions 
and other software and tools, and its AMPP partner logic 
functions, and any output files from any of the foregoing 
(including device programming or simulation files), and any 
associated documentation or information are expressly subject 
to the terms and conditions of the Altera Program License 
Subscription Agreement, Altera MegaCore Function License 
Agreement, or other applicable license agreement, including, 
without limitation, that your use is for the sole purpose of 
programming logic devices manufactured by Altera and sold by 
Altera or its authorized distributors.  Please refer to the 
applicable agreement for further details.



+-----------------------------------------------------------------------------------+
; Analysis & Synthesis Summary                                                      ;
+------------------------------------+----------------------------------------------+
; Analysis & Synthesis Status        ; Successful - Sun Jun 23 19:22:43 2019        ;
; Quartus II Version                 ; 9.0 Build 235 06/17/2009 SP 2 SJ Web Edition ;
; Revision Name                      ; CPU_6bit                                     ;
; Top-level Entity Name              ; CPU_6bit                                     ;
; Family                             ; Cyclone II                                   ;
; Total logic elements               ; 263                                          ;
;     Total combinational functions  ; 242                                          ;
;     Dedicated logic registers      ; 84                                           ;
; Total registers                    ; 84                                           ;
; Total pins                         ; 105                                          ;
; Total virtual pins                 ; 0                                            ;
; Total memory bits                  ; 192                                          ;
; Embedded Multiplier 9-bit elements ; 0                                            ;
; Total PLLs                         ; 0                                            ;
+------------------------------------+----------------------------------------------+


+--------------------------------------------------------------------------------------------------------+
; Analysis & Synthesis Settings                                                                          ;
+--------------------------------------------------------------+--------------------+--------------------+
; Option                                                       ; Setting            ; Default Value      ;
+--------------------------------------------------------------+--------------------+--------------------+
; Device                                                       ; EP2C35F672C6       ;                    ;
; Top-level entity name                                        ; CPU_6bit           ; CPU_6bit           ;
; Family name                                                  ; Cyclone II         ; Stratix II         ;
; Use Generated Physical Constraints File                      ; Off                ;                    ;
; Use smart compilation                                        ; Off                ; Off                ;
; Restructure Multiplexers                                     ; Auto               ; Auto               ;
; Create Debugging Nodes for IP Cores                          ; Off                ; Off                ;
; Preserve fewer node names                                    ; On                 ; On                 ;
; Disable OpenCore Plus hardware evaluation                    ; Off                ; Off                ;
; Verilog Version                                              ; Verilog_2001       ; Verilog_2001       ;
; VHDL Version                                                 ; VHDL93             ; VHDL93             ;
; State Machine Processing                                     ; Auto               ; Auto               ;
; Safe State Machine                                           ; Off                ; Off                ;
; Extract Verilog State Machines                               ; On                 ; On                 ;
; Extract VHDL State Machines                                  ; On                 ; On                 ;
; Ignore Verilog initial constructs                            ; Off                ; Off                ;
; Iteration limit for constant Verilog loops                   ; 5000               ; 5000               ;
; Iteration limit for non-constant Verilog loops               ; 250                ; 250                ;
; Add Pass-Through Logic to Inferred RAMs                      ; On                 ; On                 ;
; Parallel Synthesis                                           ; Off                ; Off                ;
; DSP Block Balancing                                          ; Auto               ; Auto               ;
; NOT Gate Push-Back                                           ; On                 ; On                 ;
; Power-Up Don't Care                                          ; On                 ; On                 ;
; Remove Redundant Logic Cells                                 ; Off                ; Off                ;
; Remove Duplicate Registers                                   ; On                 ; On                 ;
; Ignore CARRY Buffers                                         ; Off                ; Off                ;
; Ignore CASCADE Buffers                                       ; Off                ; Off                ;
; Ignore GLOBAL Buffers                                        ; Off                ; Off                ;
; Ignore ROW GLOBAL Buffers                                    ; Off                ; Off                ;
; Ignore LCELL Buffers                                         ; Off                ; Off                ;
; Ignore SOFT Buffers                                          ; On                 ; On                 ;
; Limit AHDL Integers to 32 Bits                               ; Off                ; Off                ;
; Optimization Technique                                       ; Balanced           ; Balanced           ;
; Carry Chain Length                                           ; 70                 ; 70                 ;
; Auto Carry Chains                                            ; On                 ; On                 ;
; Auto Open-Drain Pins                                         ; On                 ; On                 ;
; Perform WYSIWYG Primitive Resynthesis                        ; Off                ; Off                ;
; Auto ROM Replacement                                         ; On                 ; On                 ;
; Auto RAM Replacement                                         ; On                 ; On                 ;
; Auto Shift Register Replacement                              ; Auto               ; Auto               ;
; Auto Clock Enable Replacement                                ; On                 ; On                 ;
; Strict RAM Replacement                                       ; Off                ; Off                ;
; Allow Synchronous Control Signals                            ; On                 ; On                 ;
; Force Use of Synchronous Clear Signals                       ; Off                ; Off                ;
; Auto RAM to Logic Cell Conversion                            ; Off                ; Off                ;
; Auto Resource Sharing                                        ; Off                ; Off                ;
; Allow Any RAM Size For Recognition                           ; Off                ; Off                ;
; Allow Any ROM Size For Recognition                           ; Off                ; Off                ;
; Allow Any Shift Register Size For Recognition                ; Off                ; Off                ;
; Use LogicLock Constraints during Resource Balancing          ; On                 ; On                 ;
; Ignore translate_off and synthesis_off directives            ; Off                ; Off                ;
; Timing-Driven Synthesis                                      ; Off                ; Off                ;
; Show Parameter Settings Tables in Synthesis Report           ; On                 ; On                 ;
; Ignore Maximum Fan-Out Assignments                           ; Off                ; Off                ;
; Synchronization Register Chain Length                        ; 2                  ; 2                  ;
; PowerPlay Power Optimization                                 ; Normal compilation ; Normal compilation ;
; HDL message level                                            ; Level2             ; Level2             ;
; Suppress Register Optimization Related Messages              ; Off                ; Off                ;
; Number of Removed Registers Reported in Synthesis Report     ; 100                ; 100                ;
; Number of Inverted Registers Reported in Synthesis Report    ; 100                ; 100                ;
; Clock MUX Protection                                         ; On                 ; On                 ;
; Auto Gated Clock Conversion                                  ; Off                ; Off                ;
; Block Design Naming                                          ; Auto               ; Auto               ;
; SDC constraint protection                                    ; Off                ; Off                ;
; Synthesis Effort                                             ; Auto               ; Auto               ;
; Shift Register Replacement - Allow Asynchronous Clear Signal ; On                 ; On                 ;
; Analysis & Synthesis Message Level                           ; Medium             ; Medium             ;
+--------------------------------------------------------------+--------------------+--------------------+


+-----------------------------------------------------------------------------------------------------------------------------------------------------------+
; Analysis & Synthesis Source Files Read                                                                                                                    ;
+----------------------------------+-----------------+------------------------------+-----------------------------------------------------------------------+
; File Name with User-Entered Path ; Used in Netlist ; File Type                    ; File Name with Absolute Path                                          ;
+----------------------------------+-----------------+------------------------------+-----------------------------------------------------------------------+
; comparator.vhd                   ; yes             ; User VHDL File               ; D:/Programming/VHDL/6-bitCPU_ver2/6-bit CPU/comparator.vhd            ;
; GR0_3.vhd                        ; yes             ; User VHDL File               ; D:/Programming/VHDL/6-bitCPU_ver2/6-bit CPU/GR0_3.vhd                 ;
; IIC.vhd                          ; yes             ; User VHDL File               ; D:/Programming/VHDL/6-bitCPU_ver2/6-bit CPU/IIC.vhd                   ;
; PC.vhd                           ; yes             ; User VHDL File               ; D:/Programming/VHDL/6-bitCPU_ver2/6-bit CPU/PC.vhd                    ;
; PM.vhd                           ; yes             ; User VHDL File               ; D:/Programming/VHDL/6-bitCPU_ver2/6-bit CPU/PM.vhd                    ;
; timing.vhd                       ; yes             ; User VHDL File               ; D:/Programming/VHDL/6-bitCPU_ver2/6-bit CPU/timing.vhd                ;
; ALU.vhd                          ; yes             ; User VHDL File               ; D:/Programming/VHDL/6-bitCPU_ver2/6-bit CPU/ALU.vhd                   ;
; DR.vhd                           ; yes             ; User VHDL File               ; D:/Programming/VHDL/6-bitCPU_ver2/6-bit CPU/DR.vhd                    ;
; bcd7seg.vhd                      ; yes             ; User VHDL File               ; D:/Programming/VHDL/6-bitCPU_ver2/6-bit CPU/bcd7seg.vhd               ;
; IR.vhd                           ; yes             ; User VHDL File               ; D:/Programming/VHDL/6-bitCPU_ver2/6-bit CPU/IR.vhd                    ;
; PSW.vhd                          ; yes             ; User VHDL File               ; D:/Programming/VHDL/6-bitCPU_ver2/6-bit CPU/PSW.vhd                   ;
; CPU_6bit.vhd                     ; yes             ; User VHDL File               ; D:/Programming/VHDL/6-bitCPU_ver2/6-bit CPU/CPU_6bit.vhd              ;
; ov7seg.vhd                       ; yes             ; User VHDL File               ; D:/Programming/VHDL/6-bitCPU_ver2/6-bit CPU/ov7seg.vhd                ;
; altsyncram.tdf                   ; yes             ; Megafunction                 ; c:/altera/90sp2/quartus/libraries/megafunctions/altsyncram.tdf        ;
; stratix_ram_block.inc            ; yes             ; Megafunction                 ; c:/altera/90sp2/quartus/libraries/megafunctions/stratix_ram_block.inc ;
; lpm_mux.inc                      ; yes             ; Megafunction                 ; c:/altera/90sp2/quartus/libraries/megafunctions/lpm_mux.inc           ;
; lpm_decode.inc                   ; yes             ; Megafunction                 ; c:/altera/90sp2/quartus/libraries/megafunctions/lpm_decode.inc        ;
; aglobal90.inc                    ; yes             ; Megafunction                 ; c:/altera/90sp2/quartus/libraries/megafunctions/aglobal90.inc         ;
; a_rdenreg.inc                    ; yes             ; Megafunction                 ; c:/altera/90sp2/quartus/libraries/megafunctions/a_rdenreg.inc         ;
; altrom.inc                       ; yes             ; Megafunction                 ; c:/altera/90sp2/quartus/libraries/megafunctions/altrom.inc            ;
; altram.inc                       ; yes             ; Megafunction                 ; c:/altera/90sp2/quartus/libraries/megafunctions/altram.inc            ;
; altdpram.inc                     ; yes             ; Megafunction                 ; c:/altera/90sp2/quartus/libraries/megafunctions/altdpram.inc          ;
; altqpram.inc                     ; yes             ; Megafunction                 ; c:/altera/90sp2/quartus/libraries/megafunctions/altqpram.inc          ;
; db/altsyncram_5se1.tdf           ; yes             ; Auto-Generated Megafunction  ; D:/Programming/VHDL/6-bitCPU_ver2/6-bit CPU/db/altsyncram_5se1.tdf    ;
+----------------------------------+-----------------+------------------------------+-----------------------------------------------------------------------+


+-----------------------------------------------------------------------------+
; Analysis & Synthesis Resource Usage Summary                                 ;
+---------------------------------------------+-------------------------------+
; Resource                                    ; Usage                         ;
+---------------------------------------------+-------------------------------+
; Estimated Total logic elements              ; 263                           ;
;                                             ;                               ;
; Total combinational functions               ; 242                           ;
; Logic element usage by number of LUT inputs ;                               ;
;     -- 4 input functions                    ; 160                           ;
;     -- 3 input functions                    ; 50                            ;
;     -- <=2 input functions                  ; 32                            ;
;                                             ;                               ;
; Logic elements by mode                      ;                               ;
;     -- normal mode                          ; 227                           ;
;     -- arithmetic mode                      ; 15                            ;
;                                             ;                               ;
; Total registers                             ; 84                            ;
;     -- Dedicated logic registers            ; 84                            ;
;     -- I/O registers                        ; 0                             ;
;                                             ;                               ;
; I/O pins                                    ; 105                           ;
; Total memory bits                           ; 192                           ;
; Maximum fan-out node                        ; timing:TimingGenerator|Equal2 ;
; Maximum fan-out                             ; 81                            ;
; Total fan-out                               ; 1303                          ;
; Average fan-out                             ; 2.94                          ;
+---------------------------------------------+-------------------------------+


+----------------------------------------------------------------------------------------------------------------------------------------------------------------------------------------------------------------------------------------------------------+
; Analysis & Synthesis Resource Utilization by Entity                                                                                                                                                                                                      ;
+-------------------------------------------+-------------------+--------------+-------------+--------------+---------+-----------+------+--------------+-----------------------------------------------------------------------------------+--------------+
; Compilation Hierarchy Node                ; LC Combinationals ; LC Registers ; Memory Bits ; DSP Elements ; DSP 9x9 ; DSP 18x18 ; Pins ; Virtual Pins ; Full Hierarchy Name                                                               ; Library Name ;
+-------------------------------------------+-------------------+--------------+-------------+--------------+---------+-----------+------+--------------+-----------------------------------------------------------------------------------+--------------+
; |CPU_6bit                                 ; 242 (0)           ; 84 (0)       ; 192         ; 0            ; 0       ; 0         ; 105  ; 0            ; |CPU_6bit                                                                         ; work         ;
;    |ALU:Operation|                        ; 41 (41)           ; 6 (6)        ; 0           ; 0            ; 0       ; 0         ; 0    ; 0            ; |CPU_6bit|ALU:Operation                                                           ; work         ;
;    |DR:DataRegister|                      ; 0 (0)             ; 4 (4)        ; 0           ; 0            ; 0       ; 0         ; 0    ; 0            ; |CPU_6bit|DR:DataRegister                                                         ; work         ;
;    |GR0_3:GeneralRegister0_3|             ; 127 (127)         ; 42 (42)      ; 0           ; 0            ; 0       ; 0         ; 0    ; 0            ; |CPU_6bit|GR0_3:GeneralRegister0_3                                                ; work         ;
;    |IIC:InstructionInputController|       ; 13 (13)           ; 4 (4)        ; 0           ; 0            ; 0       ; 0         ; 0    ; 0            ; |CPU_6bit|IIC:InstructionInputController                                          ; work         ;
;    |IR:InstructionRegister|               ; 0 (0)             ; 12 (12)      ; 0           ; 0            ; 0       ; 0         ; 0    ; 0            ; |CPU_6bit|IR:InstructionRegister                                                  ; work         ;
;    |PC:ProgramCounter|                    ; 6 (6)             ; 4 (4)        ; 0           ; 0            ; 0       ; 0         ; 0    ; 0            ; |CPU_6bit|PC:ProgramCounter                                                       ; work         ;
;    |PM:ProgramMemory|                     ; 0 (0)             ; 0 (0)        ; 192         ; 0            ; 0       ; 0         ; 0    ; 0            ; |CPU_6bit|PM:ProgramMemory                                                        ; work         ;
;       |altsyncram:RAMTMP_rtl_0|           ; 0 (0)             ; 0 (0)        ; 192         ; 0            ; 0       ; 0         ; 0    ; 0            ; |CPU_6bit|PM:ProgramMemory|altsyncram:RAMTMP_rtl_0                                ; work         ;
;          |altsyncram_5se1:auto_generated| ; 0 (0)             ; 0 (0)        ; 192         ; 0            ; 0       ; 0         ; 0    ; 0            ; |CPU_6bit|PM:ProgramMemory|altsyncram:RAMTMP_rtl_0|altsyncram_5se1:auto_generated ; work         ;
;    |PSW:ProgramStatusWord|                ; 0 (0)             ; 2 (2)        ; 0           ; 0            ; 0       ; 0         ; 0    ; 0            ; |CPU_6bit|PSW:ProgramStatusWord                                                   ; work         ;
;    |bcd7seg:char7seg_A|                   ; 8 (8)             ; 0 (0)        ; 0           ; 0            ; 0       ; 0         ; 0    ; 0            ; |CPU_6bit|bcd7seg:char7seg_A                                                      ; work         ;
;    |bcd7seg:char7seg_B|                   ; 8 (8)             ; 0 (0)        ; 0           ; 0            ; 0       ; 0         ; 0    ; 0            ; |CPU_6bit|bcd7seg:char7seg_B                                                      ; work         ;
;    |bcd7seg:char7seg_Y|                   ; 8 (8)             ; 0 (0)        ; 0           ; 0            ; 0       ; 0         ; 0    ; 0            ; |CPU_6bit|bcd7seg:char7seg_Y                                                      ; work         ;
;    |comparator:Compare|                   ; 3 (3)             ; 0 (0)        ; 0           ; 0            ; 0       ; 0         ; 0    ; 0            ; |CPU_6bit|comparator:Compare                                                      ; work         ;
;    |ov7seg:char7seg_V|                    ; 4 (4)             ; 0 (0)        ; 0           ; 0            ; 0       ; 0         ; 0    ; 0            ; |CPU_6bit|ov7seg:char7seg_V                                                       ; work         ;
;    |timing:TimingGenerator|               ; 24 (24)           ; 10 (10)      ; 0           ; 0            ; 0       ; 0         ; 0    ; 0            ; |CPU_6bit|timing:TimingGenerator                                                  ; work         ;
+-------------------------------------------+-------------------+--------------+-------------+--------------+---------+-----------+------+--------------+-----------------------------------------------------------------------------------+--------------+
Note: For table entries with two numbers listed, the numbers in parentheses indicate the number of resources of the given type used by the specific entity alone. The numbers listed outside of parentheses indicate the total resources of the given type used by the specific entity and all of its sub-entities in the hierarchy.


+----------------------------------------------------------------------------------------------------------------------------------------------------------------------------------------+
; Analysis & Synthesis RAM Summary                                                                                                                                                       ;
+------------------------------------------------------------------------------------+------+------------------+--------------+--------------+--------------+--------------+------+------+
; Name                                                                               ; Type ; Mode             ; Port A Depth ; Port A Width ; Port B Depth ; Port B Width ; Size ; MIF  ;
+------------------------------------------------------------------------------------+------+------------------+--------------+--------------+--------------+--------------+------+------+
; PM:ProgramMemory|altsyncram:RAMTMP_rtl_0|altsyncram_5se1:auto_generated|ALTSYNCRAM ; AUTO ; Simple Dual Port ; 16           ; 12           ; 16           ; 12           ; 192  ; None ;
+------------------------------------------------------------------------------------+------+------------------+--------------+--------------+--------------+--------------+------+------+


+------------------------------------------------------+
; General Register Statistics                          ;
+----------------------------------------------+-------+
; Statistic                                    ; Value ;
+----------------------------------------------+-------+
; Total registers                              ; 84    ;
; Number of registers using Synchronous Clear  ; 0     ;
; Number of registers using Synchronous Load   ; 0     ;
; Number of registers using Asynchronous Clear ; 32    ;
; Number of registers using Asynchronous Load  ; 0     ;
; Number of registers using Clock Enable       ; 74    ;
; Number of registers using Preset             ; 0     ;
+----------------------------------------------+-------+


+--------------------------------------------------+
; Inverted Register Statistics                     ;
+----------------------------------------+---------+
; Inverted Register                      ; Fan out ;
+----------------------------------------+---------+
; timing:TimingGenerator|countsec[2]     ; 7       ;
; Total number of inverted registers = 1 ;         ;
+----------------------------------------+---------+


+------------------------------------------------------------+
; Registers Packed Into Inferred Megafunctions               ;
+------------------------+----------------------------+------+
; Register Name          ; Megafunction               ; Type ;
+------------------------+----------------------------+------+
; PM:ProgramMemory|Q[0]  ; PM:ProgramMemory|RAMTMP~17 ; RAM  ;
; PM:ProgramMemory|Q[1]  ; PM:ProgramMemory|RAMTMP~17 ; RAM  ;
; PM:ProgramMemory|Q[2]  ; PM:ProgramMemory|RAMTMP~17 ; RAM  ;
; PM:ProgramMemory|Q[3]  ; PM:ProgramMemory|RAMTMP~17 ; RAM  ;
; PM:ProgramMemory|Q[4]  ; PM:ProgramMemory|RAMTMP~17 ; RAM  ;
; PM:ProgramMemory|Q[5]  ; PM:ProgramMemory|RAMTMP~17 ; RAM  ;
; PM:ProgramMemory|Q[6]  ; PM:ProgramMemory|RAMTMP~17 ; RAM  ;
; PM:ProgramMemory|Q[7]  ; PM:ProgramMemory|RAMTMP~17 ; RAM  ;
; PM:ProgramMemory|Q[8]  ; PM:ProgramMemory|RAMTMP~17 ; RAM  ;
; PM:ProgramMemory|Q[9]  ; PM:ProgramMemory|RAMTMP~17 ; RAM  ;
; PM:ProgramMemory|Q[10] ; PM:ProgramMemory|RAMTMP~17 ; RAM  ;
; PM:ProgramMemory|Q[11] ; PM:ProgramMemory|RAMTMP~17 ; RAM  ;
+------------------------+----------------------------+------+


+-----------------------------------------------------------------------------------------------------------------------------------------------------------------+
; Multiplexer Restructuring Statistics (Restructuring Performed)                                                                                                  ;
+--------------------+-----------+---------------+----------------------+------------------------+------------+---------------------------------------------------+
; Multiplexer Inputs ; Bus Width ; Baseline Area ; Area if Restructured ; Saving if Restructured ; Registered ; Example Multiplexer Output                        ;
+--------------------+-----------+---------------+----------------------+------------------------+------------+---------------------------------------------------+
; 4:1                ; 6 bits    ; 12 LEs        ; 12 LEs               ; 0 LEs                  ; Yes        ; |CPU_6bit|GR0_3:GeneralRegister0_3|QA[3]          ;
; 3:1                ; 4 bits    ; 8 LEs         ; 4 LEs                ; 4 LEs                  ; Yes        ; |CPU_6bit|IIC:InstructionInputController|count[0] ;
; 3:1                ; 7 bits    ; 14 LEs        ; 7 LEs                ; 7 LEs                  ; Yes        ; |CPU_6bit|timing:TimingGenerator|countemp[1]      ;
; 9:1                ; 2 bits    ; 12 LEs        ; 6 LEs                ; 6 LEs                  ; Yes        ; |CPU_6bit|ALU:Operation|Yout[4]                   ;
; 9:1                ; 4 bits    ; 24 LEs        ; 16 LEs               ; 8 LEs                  ; Yes        ; |CPU_6bit|ALU:Operation|Yout[2]                   ;
; 6:1                ; 2 bits    ; 8 LEs         ; 2 LEs                ; 6 LEs                  ; Yes        ; |CPU_6bit|timing:TimingGenerator|countsec[1]      ;
; 4:1                ; 6 bits    ; 12 LEs        ; 6 LEs                ; 6 LEs                  ; Yes        ; |CPU_6bit|GR0_3:GeneralRegister0_3|R1[4]          ;
; 4:1                ; 6 bits    ; 12 LEs        ; 6 LEs                ; 6 LEs                  ; Yes        ; |CPU_6bit|GR0_3:GeneralRegister0_3|R2[4]          ;
; 4:1                ; 6 bits    ; 12 LEs        ; 6 LEs                ; 6 LEs                  ; Yes        ; |CPU_6bit|GR0_3:GeneralRegister0_3|R3[4]          ;
; 4:1                ; 6 bits    ; 12 LEs        ; 6 LEs                ; 6 LEs                  ; Yes        ; |CPU_6bit|GR0_3:GeneralRegister0_3|R0[4]          ;
; 4:1                ; 6 bits    ; 12 LEs        ; 12 LEs               ; 0 LEs                  ; No         ; |CPU_6bit|GR0_3:GeneralRegister0_3|Mux56          ;
; 4:1                ; 3 bits    ; 6 LEs         ; 6 LEs                ; 0 LEs                  ; No         ; |CPU_6bit|ALU:Operation|Add2                      ;
+--------------------+-----------+---------------+----------------------+------------------------+------------+---------------------------------------------------+


+------------------------------------------------------------------------------------------------+
; Source assignments for PM:ProgramMemory|altsyncram:RAMTMP_rtl_0|altsyncram_5se1:auto_generated ;
+---------------------------------+--------------------+------+----------------------------------+
; Assignment                      ; Value              ; From ; To                               ;
+---------------------------------+--------------------+------+----------------------------------+
; OPTIMIZE_POWER_DURING_SYNTHESIS ; NORMAL_COMPILATION ; -    ; -                                ;
+---------------------------------+--------------------+------+----------------------------------+


+-------------------------------------------------------------------------------------------+
; Parameter Settings for Inferred Entity Instance: PM:ProgramMemory|altsyncram:RAMTMP_rtl_0 ;
+------------------------------------+----------------------+-------------------------------+
; Parameter Name                     ; Value                ; Type                          ;
+------------------------------------+----------------------+-------------------------------+
; BYTE_SIZE_BLOCK                    ; 8                    ; Untyped                       ;
; AUTO_CARRY_CHAINS                  ; ON                   ; AUTO_CARRY                    ;
; IGNORE_CARRY_BUFFERS               ; OFF                  ; IGNORE_CARRY                  ;
; AUTO_CASCADE_CHAINS                ; ON                   ; AUTO_CASCADE                  ;
; IGNORE_CASCADE_BUFFERS             ; OFF                  ; IGNORE_CASCADE                ;
; WIDTH_BYTEENA                      ; 1                    ; Untyped                       ;
; OPERATION_MODE                     ; DUAL_PORT            ; Untyped                       ;
; WIDTH_A                            ; 12                   ; Untyped                       ;
; WIDTHAD_A                          ; 4                    ; Untyped                       ;
; NUMWORDS_A                         ; 16                   ; Untyped                       ;
; OUTDATA_REG_A                      ; UNREGISTERED         ; Untyped                       ;
; ADDRESS_ACLR_A                     ; NONE                 ; Untyped                       ;
; OUTDATA_ACLR_A                     ; NONE                 ; Untyped                       ;
; WRCONTROL_ACLR_A                   ; NONE                 ; Untyped                       ;
; INDATA_ACLR_A                      ; NONE                 ; Untyped                       ;
; BYTEENA_ACLR_A                     ; NONE                 ; Untyped                       ;
; WIDTH_B                            ; 12                   ; Untyped                       ;
; WIDTHAD_B                          ; 4                    ; Untyped                       ;
; NUMWORDS_B                         ; 16                   ; Untyped                       ;
; INDATA_REG_B                       ; CLOCK1               ; Untyped                       ;
; WRCONTROL_WRADDRESS_REG_B          ; CLOCK1               ; Untyped                       ;
; RDCONTROL_REG_B                    ; CLOCK1               ; Untyped                       ;
; ADDRESS_REG_B                      ; CLOCK1               ; Untyped                       ;
; OUTDATA_REG_B                      ; UNREGISTERED         ; Untyped                       ;
; BYTEENA_REG_B                      ; CLOCK1               ; Untyped                       ;
; INDATA_ACLR_B                      ; NONE                 ; Untyped                       ;
; WRCONTROL_ACLR_B                   ; NONE                 ; Untyped                       ;
; ADDRESS_ACLR_B                     ; NONE                 ; Untyped                       ;
; OUTDATA_ACLR_B                     ; NONE                 ; Untyped                       ;
; RDCONTROL_ACLR_B                   ; NONE                 ; Untyped                       ;
; BYTEENA_ACLR_B                     ; NONE                 ; Untyped                       ;
; WIDTH_BYTEENA_A                    ; 1                    ; Untyped                       ;
; WIDTH_BYTEENA_B                    ; 1                    ; Untyped                       ;
; RAM_BLOCK_TYPE                     ; AUTO                 ; Untyped                       ;
; BYTE_SIZE                          ; 8                    ; Untyped                       ;
; READ_DURING_WRITE_MODE_MIXED_PORTS ; DONT_CARE            ; Untyped                       ;
; READ_DURING_WRITE_MODE_PORT_A      ; NEW_DATA_NO_NBE_READ ; Untyped                       ;
; READ_DURING_WRITE_MODE_PORT_B      ; NEW_DATA_NO_NBE_READ ; Untyped                       ;
; INIT_FILE                          ; UNUSED               ; Untyped                       ;
; INIT_FILE_LAYOUT                   ; PORT_A               ; Untyped                       ;
; MAXIMUM_DEPTH                      ; 0                    ; Untyped                       ;
; CLOCK_ENABLE_INPUT_A               ; NORMAL               ; Untyped                       ;
; CLOCK_ENABLE_INPUT_B               ; NORMAL               ; Untyped                       ;
; CLOCK_ENABLE_OUTPUT_A              ; NORMAL               ; Untyped                       ;
; CLOCK_ENABLE_OUTPUT_B              ; NORMAL               ; Untyped                       ;
; CLOCK_ENABLE_CORE_A                ; USE_INPUT_CLKEN      ; Untyped                       ;
; CLOCK_ENABLE_CORE_B                ; USE_INPUT_CLKEN      ; Untyped                       ;
; ENABLE_ECC                         ; FALSE                ; Untyped                       ;
; DEVICE_FAMILY                      ; Cyclone II           ; Untyped                       ;
; CBXI_PARAMETER                     ; altsyncram_5se1      ; Untyped                       ;
+------------------------------------+----------------------+-------------------------------+
Note: In order to hide this table in the UI and the text report file, please set the "Show Parameter Settings Tables in Synthesis Report" option in "Analysis and Synthesis Settings -> More Settings" to "Off".


+--------------------------------------------------------------------------------------+
; altsyncram Parameter Settings by Entity Instance                                     ;
+-------------------------------------------+------------------------------------------+
; Name                                      ; Value                                    ;
+-------------------------------------------+------------------------------------------+
; Number of entity instances                ; 1                                        ;
; Entity Instance                           ; PM:ProgramMemory|altsyncram:RAMTMP_rtl_0 ;
;     -- OPERATION_MODE                     ; DUAL_PORT                                ;
;     -- WIDTH_A                            ; 12                                       ;
;     -- NUMWORDS_A                         ; 16                                       ;
;     -- OUTDATA_REG_A                      ; UNREGISTERED                             ;
;     -- WIDTH_B                            ; 12                                       ;
;     -- NUMWORDS_B                         ; 16                                       ;
;     -- ADDRESS_REG_B                      ; CLOCK1                                   ;
;     -- OUTDATA_REG_B                      ; UNREGISTERED                             ;
;     -- RAM_BLOCK_TYPE                     ; AUTO                                     ;
;     -- READ_DURING_WRITE_MODE_MIXED_PORTS ; DONT_CARE                                ;
+-------------------------------------------+------------------------------------------+


+---------------------------------------------------------------------------------------------------------------------+
; Port Connectivity Checks: "timing:TimingGenerator"                                                                  ;
+-----------+--------+----------+-------------------------------------------------------------------------------------+
; Port      ; Type   ; Severity ; Details                                                                             ;
+-----------+--------+----------+-------------------------------------------------------------------------------------+
; clkout[1] ; Output ; Info     ; Connected to dangling logic. Logic that only feeds a dangling port will be removed. ;
+-----------+--------+----------+-------------------------------------------------------------------------------------+


+-------------------------------+
; Analysis & Synthesis Messages ;
+-------------------------------+
Info: *******************************************************************
Info: Running Quartus II Analysis & Synthesis
    Info: Version 9.0 Build 235 06/17/2009 Service Pack 2 SJ Web Edition
    Info: Processing started: Sun Jun 23 19:22:40 2019
Info: Command: quartus_map --read_settings_files=on --write_settings_files=off CPU_6bit -c CPU_6bit
Info: Found 2 design units, including 1 entities, in source file comparator.vhd
    Info: Found design unit 1: comparator-SYN
    Info: Found entity 1: comparator
Info: Found 2 design units, including 1 entities, in source file GR0_3.vhd
    Info: Found design unit 1: GR0_3-SYN
    Info: Found entity 1: GR0_3
Info: Found 2 design units, including 1 entities, in source file IIC.vhd
    Info: Found design unit 1: IIC-SYN
    Info: Found entity 1: IIC
Info: Found 2 design units, including 1 entities, in source file PC.vhd
    Info: Found design unit 1: PC-SYN
    Info: Found entity 1: PC
Info: Found 2 design units, including 1 entities, in source file PM.vhd
    Info: Found design unit 1: PM-SYN
    Info: Found entity 1: PM
Info: Found 2 design units, including 1 entities, in source file timing.vhd
    Info: Found design unit 1: timing-behavioral
    Info: Found entity 1: timing
Info: Found 2 design units, including 1 entities, in source file ALU.vhd
    Info: Found design unit 1: ALU-Structure
    Info: Found entity 1: ALU
Info: Found 2 design units, including 1 entities, in source file DR.vhd
    Info: Found design unit 1: DR-SYN
    Info: Found entity 1: DR
Info: Found 2 design units, including 1 entities, in source file bcd7seg.vhd
    Info: Found design unit 1: bcd7seg-behavioral
    Info: Found entity 1: bcd7seg
Info: Found 2 design units, including 1 entities, in source file IR.vhd
    Info: Found design unit 1: IR-SYN
    Info: Found entity 1: IR
Info: Found 2 design units, including 1 entities, in source file PSW.vhd
    Info: Found design unit 1: PSW-SYN
    Info: Found entity 1: PSW
Warning: Can't analyze file -- file D:/Programming/VHDL/6-bitCPU_ver2/6-bit CPU/sel_accu.vhd is missing
Info: Found 2 design units, including 1 entities, in source file CPU_6bit.vhd
    Info: Found design unit 1: CPU_6bit-cpu
    Info: Found entity 1: CPU_6bit
Info: Found 2 design units, including 1 entities, in source file ov7seg.vhd
    Info: Found design unit 1: ov7seg-behavioral
    Info: Found entity 1: ov7seg
Info: Elaborating entity "CPU_6bit" for the top level hierarchy
Warning (10873): Using initial value X (don't care) for net "LEDG[3]" at CPU_6bit.vhd(29)
Warning (10873): Using initial value X (don't care) for net "LEDG[2]" at CPU_6bit.vhd(29)
Warning (10873): Using initial value X (don't care) for net "LEDG[1]" at CPU_6bit.vhd(29)
Info: Elaborating entity "timing" for hierarchy "timing:TimingGenerator"
Info: Elaborating entity "IIC" for hierarchy "IIC:InstructionInputController"
Info: Elaborating entity "PC" for hierarchy "PC:ProgramCounter"
Info: Elaborating entity "comparator" for hierarchy "comparator:Compare"
Info: Elaborating entity "PM" for hierarchy "PM:ProgramMemory"
Info: Elaborating entity "IR" for hierarchy "IR:InstructionRegister"
Info: Elaborating entity "GR0_3" for hierarchy "GR0_3:GeneralRegister0_3"
Info: Elaborating entity "ALU" for hierarchy "ALU:Operation"
Info: Elaborating entity "DR" for hierarchy "DR:DataRegister"
Info: Elaborating entity "PSW" for hierarchy "PSW:ProgramStatusWord"
Info: Elaborating entity "bcd7seg" for hierarchy "bcd7seg:char7seg_A"
Info: Elaborating entity "ov7seg" for hierarchy "ov7seg:char7seg_V"
Warning: Inferred dual-clock RAM node "PM:ProgramMemory|RAMTMP~17" from synchronous design logic.  The read-during-write behavior of a dual-clock RAM is undefined and may not match the behavior of the original design.
Info: Inferred 1 megafunctions from design logic
    Info: Inferred altsyncram megafunction from the following design logic: "PM:ProgramMemory|RAMTMP~17" 
        Info: Parameter OPERATION_MODE set to DUAL_PORT
        Info: Parameter WIDTH_A set to 12
        Info: Parameter WIDTHAD_A set to 4
        Info: Parameter NUMWORDS_A set to 16
        Info: Parameter WIDTH_B set to 12
        Info: Parameter WIDTHAD_B set to 4
        Info: Parameter NUMWORDS_B set to 16
        Info: Parameter ADDRESS_ACLR_A set to NONE
        Info: Parameter OUTDATA_REG_B set to UNREGISTERED
        Info: Parameter ADDRESS_ACLR_B set to NONE
        Info: Parameter OUTDATA_ACLR_B set to NONE
        Info: Parameter ADDRESS_REG_B set to CLOCK1
        Info: Parameter INDATA_ACLR_A set to NONE
        Info: Parameter WRCONTROL_ACLR_A set to NONE
        Info: Parameter RAM_BLOCK_TYPE set to AUTO
Info: Elaborated megafunction instantiation "PM:ProgramMemory|altsyncram:RAMTMP_rtl_0"
Info: Instantiated megafunction "PM:ProgramMemory|altsyncram:RAMTMP_rtl_0" with the following parameter:
    Info: Parameter "OPERATION_MODE" = "DUAL_PORT"
    Info: Parameter "WIDTH_A" = "12"
    Info: Parameter "WIDTHAD_A" = "4"
    Info: Parameter "NUMWORDS_A" = "16"
    Info: Parameter "WIDTH_B" = "12"
    Info: Parameter "WIDTHAD_B" = "4"
    Info: Parameter "NUMWORDS_B" = "16"
    Info: Parameter "ADDRESS_ACLR_A" = "NONE"
    Info: Parameter "OUTDATA_REG_B" = "UNREGISTERED"
    Info: Parameter "ADDRESS_ACLR_B" = "NONE"
    Info: Parameter "OUTDATA_ACLR_B" = "NONE"
    Info: Parameter "ADDRESS_REG_B" = "CLOCK1"
    Info: Parameter "INDATA_ACLR_A" = "NONE"
    Info: Parameter "WRCONTROL_ACLR_A" = "NONE"
    Info: Parameter "RAM_BLOCK_TYPE" = "AUTO"
Info: Found 1 design units, including 1 entities, in source file db/altsyncram_5se1.tdf
    Info: Found entity 1: altsyncram_5se1
Warning: Presettable and clearable registers converted to equivalent circuits with latches. Registers power-up to an undefined state, and DEVCLRn places the registers in an undefined state.
    Warning (13310): Register "GR0_3:GeneralRegister0_3|R1[3]" is converted into an equivalent circuit using register "GR0_3:GeneralRegister0_3|R1[3]~_emulated" and latch "GR0_3:GeneralRegister0_3|R1[3]~latch"
    Warning (13310): Register "GR0_3:GeneralRegister0_3|R2[3]" is converted into an equivalent circuit using register "GR0_3:GeneralRegister0_3|R2[3]~_emulated" and latch "GR0_3:GeneralRegister0_3|R2[3]~latch"
    Warning (13310): Register "GR0_3:GeneralRegister0_3|R0[3]" is converted into an equivalent circuit using register "GR0_3:GeneralRegister0_3|R0[3]~_emulated" and latch "GR0_3:GeneralRegister0_3|R0[3]~latch"
    Warning (13310): Register "GR0_3:GeneralRegister0_3|R3[3]" is converted into an equivalent circuit using register "GR0_3:GeneralRegister0_3|R3[3]~_emulated" and latch "GR0_3:GeneralRegister0_3|R3[3]~latch"
    Warning (13310): Register "GR0_3:GeneralRegister0_3|R2[2]" is converted into an equivalent circuit using register "GR0_3:GeneralRegister0_3|R2[2]~_emulated" and latch "GR0_3:GeneralRegister0_3|R2[2]~latch"
    Warning (13310): Register "GR0_3:GeneralRegister0_3|R1[2]" is converted into an equivalent circuit using register "GR0_3:GeneralRegister0_3|R1[2]~_emulated" and latch "GR0_3:GeneralRegister0_3|R1[2]~latch"
    Warning (13310): Register "GR0_3:GeneralRegister0_3|R0[2]" is converted into an equivalent circuit using register "GR0_3:GeneralRegister0_3|R0[2]~_emulated" and latch "GR0_3:GeneralRegister0_3|R0[2]~latch"
    Warning (13310): Register "GR0_3:GeneralRegister0_3|R3[2]" is converted into an equivalent circuit using register "GR0_3:GeneralRegister0_3|R3[2]~_emulated" and latch "GR0_3:GeneralRegister0_3|R3[2]~latch"
    Warning (13310): Register "GR0_3:GeneralRegister0_3|R1[1]" is converted into an equivalent circuit using register "GR0_3:GeneralRegister0_3|R1[1]~_emulated" and latch "GR0_3:GeneralRegister0_3|R1[1]~latch"
    Warning (13310): Register "GR0_3:GeneralRegister0_3|R2[1]" is converted into an equivalent circuit using register "GR0_3:GeneralRegister0_3|R2[1]~_emulated" and latch "GR0_3:GeneralRegister0_3|R2[1]~latch"
    Warning (13310): Register "GR0_3:GeneralRegister0_3|R0[1]" is converted into an equivalent circuit using register "GR0_3:GeneralRegister0_3|R0[1]~_emulated" and latch "GR0_3:GeneralRegister0_3|R0[1]~latch"
    Warning (13310): Register "GR0_3:GeneralRegister0_3|R3[1]" is converted into an equivalent circuit using register "GR0_3:GeneralRegister0_3|R3[1]~_emulated" and latch "GR0_3:GeneralRegister0_3|R3[1]~latch"
    Warning (13310): Register "GR0_3:GeneralRegister0_3|R2[0]" is converted into an equivalent circuit using register "GR0_3:GeneralRegister0_3|R2[0]~_emulated" and latch "GR0_3:GeneralRegister0_3|R2[0]~latch"
    Warning (13310): Register "GR0_3:GeneralRegister0_3|R1[0]" is converted into an equivalent circuit using register "GR0_3:GeneralRegister0_3|R1[0]~_emulated" and latch "GR0_3:GeneralRegister0_3|R1[0]~latch"
    Warning (13310): Register "GR0_3:GeneralRegister0_3|R0[0]" is converted into an equivalent circuit using register "GR0_3:GeneralRegister0_3|R0[0]~_emulated" and latch "GR0_3:GeneralRegister0_3|R0[0]~latch"
    Warning (13310): Register "GR0_3:GeneralRegister0_3|R3[0]" is converted into an equivalent circuit using register "GR0_3:GeneralRegister0_3|R3[0]~_emulated" and latch "GR0_3:GeneralRegister0_3|R3[0]~latch"
    Warning (13310): Register "GR0_3:GeneralRegister0_3|R2[4]" is converted into an equivalent circuit using register "GR0_3:GeneralRegister0_3|R2[4]~_emulated" and latch "GR0_3:GeneralRegister0_3|R2[4]~latch"
    Warning (13310): Register "GR0_3:GeneralRegister0_3|R1[4]" is converted into an equivalent circuit using register "GR0_3:GeneralRegister0_3|R1[4]~_emulated" and latch "GR0_3:GeneralRegister0_3|R1[4]~latch"
    Warning (13310): Register "GR0_3:GeneralRegister0_3|R0[4]" is converted into an equivalent circuit using register "GR0_3:GeneralRegister0_3|R0[4]~_emulated" and latch "GR0_3:GeneralRegister0_3|R0[4]~latch"
    Warning (13310): Register "GR0_3:GeneralRegister0_3|R3[4]" is converted into an equivalent circuit using register "GR0_3:GeneralRegister0_3|R3[4]~_emulated" and latch "GR0_3:GeneralRegister0_3|R3[4]~latch"
    Warning (13310): Register "GR0_3:GeneralRegister0_3|R1[5]" is converted into an equivalent circuit using register "GR0_3:GeneralRegister0_3|R1[5]~_emulated" and latch "GR0_3:GeneralRegister0_3|R1[5]~latch"
    Warning (13310): Register "GR0_3:GeneralRegister0_3|R2[5]" is converted into an equivalent circuit using register "GR0_3:GeneralRegister0_3|R2[5]~_emulated" and latch "GR0_3:GeneralRegister0_3|R2[5]~latch"
    Warning (13310): Register "GR0_3:GeneralRegister0_3|R0[5]" is converted into an equivalent circuit using register "GR0_3:GeneralRegister0_3|R0[5]~_emulated" and latch "GR0_3:GeneralRegister0_3|R0[5]~latch"
    Warning (13310): Register "GR0_3:GeneralRegister0_3|R3[5]" is converted into an equivalent circuit using register "GR0_3:GeneralRegister0_3|R3[5]~_emulated" and latch "GR0_3:GeneralRegister0_3|R3[5]~latch"
Warning: Output pins are stuck at VCC or GND
    Warning (13410): Pin "LEDG[1]" is stuck at GND
    Warning (13410): Pin "LEDG[2]" is stuck at GND
    Warning (13410): Pin "LEDG[3]" is stuck at GND
    Warning (13410): Pin "HEX7[1]" is stuck at GND
    Warning (13410): Pin "HEX7[2]" is stuck at GND
    Warning (13410): Pin "HEX7[6]" is stuck at VCC
    Warning (13410): Pin "HEX5[1]" is stuck at GND
    Warning (13410): Pin "HEX5[2]" is stuck at GND
    Warning (13410): Pin "HEX5[6]" is stuck at VCC
    Warning (13410): Pin "HEX2[1]" is stuck at GND
    Warning (13410): Pin "HEX2[2]" is stuck at GND
    Warning (13410): Pin "HEX2[6]" is stuck at VCC
    Warning (13410): Pin "HEX0[0]" is stuck at VCC
    Warning (13410): Pin "HEX0[1]" is stuck at VCC
    Warning (13410): Pin "HEX0[2]" is stuck at VCC
    Warning (13410): Pin "HEX0[3]" is stuck at VCC
    Warning (13410): Pin "HEX0[4]" is stuck at VCC
    Warning (13410): Pin "HEX0[5]" is stuck at VCC
    Warning (13410): Pin "HEX0[6]" is stuck at VCC
Warning: Design contains 1 input pin(s) that do not drive logic
    Warning (15610): No output dependent on input pin "KEY[3]"
Info: Implemented 386 device resources after synthesis - the final resource count might be different
    Info: Implemented 23 input pins
    Info: Implemented 82 output pins
    Info: Implemented 269 logic cells
    Info: Implemented 12 RAM segments
Info: Quartus II Analysis & Synthesis was successful. 0 errors, 52 warnings
    Info: Peak virtual memory: 273 megabytes
    Info: Processing ended: Sun Jun 23 19:22:43 2019
    Info: Elapsed time: 00:00:03
    Info: Total CPU time (on all processors): 00:00:03


